#
# There is insufficient memory for the Java Runtime Environment to continue.
# Native memory allocation (mmap) failed to map 394264576 bytes for G1 virtual space
# Possible reasons:
#   The system is out of physical RAM or swap space
#   The process is running with CompressedOops enabled, and the Java Heap may be blocking the growth of the native heap
# Possible solutions:
#   Reduce memory load on the system
#   Increase physical memory or swap space
#   Check if swap backing store is full
#   Decrease Java heap size (-Xmx/-Xms)
#   Decrease number of Java threads
#   Decrease Java thread stack sizes (-Xss)
#   Set larger code cache with -XX:ReservedCodeCacheSize=
#   JVM is running with Zero Based Compressed Oops mode in which the Java heap is
#     placed in the first 32GB address space. The Java Heap base address is the
#     maximum limit for the native heap growth. Please use -XX:HeapBaseMinAddress
#     to set the Java Heap base and to place the Java Heap above 32GB virtual address.
# This output file may be truncated or incomplete.
#
#  Out of Memory Error (os_windows.cpp:3550), pid=15244, tid=9352
#
# JRE version:  (17.0.6+9) (build )
# Java VM: Java HotSpot(TM) 64-Bit Server VM (17.0.6+9-LTS-190, mixed mode, emulated-client, sharing, tiered, compressed oops, compressed class ptrs, g1 gc, windows-amd64)
# No core dump will be written. Minidumps are not enabled by default on client versions of Windows
#

---------------  S U M M A R Y ------------

Command Line: -XX:TieredStopAtLevel=1 -Dspring.output.ansi.enabled=always -Dcom.sun.management.jmxremote -Dspring.jmx.enabled=true -Dspring.liveBeansView.mbeanDomain -Dspring.application.admin.enabled=true -Dmanagement.endpoints.jmx.exposure.include=* -javaagent:C:\Program Files\JetBrains\IntelliJ IDEA 2023.1\lib\idea_rt.jar=50808:C:\Program Files\JetBrains\IntelliJ IDEA 2023.1\bin -Dfile.encoding=UTF-8 com.example.springsecurity.SpringSecurityApplication

Host: AMD Ryzen 5 4600H with Radeon Graphics         , 12 cores, 23G,  Windows 10 , 64 bit Build 19041 (10.0.19041.3393)
Time: Mon Sep 25 11:29:09 2023 Afr. centrale Ouest elapsed time: 0.013497 seconds (0d 0h 0m 0s)

---------------  T H R E A D  ---------------

Current thread (0x0000019e20e360b0):  JavaThread "Unknown thread" [_thread_in_vm, id=9352, stack(0x0000003cd8800000,0x0000003cd8900000)]

Stack: [0x0000003cd8800000,0x0000003cd8900000]
Native frames: (J=compiled Java code, j=interpreted, Vv=VM code, C=native code)
V  [jvm.dll+0x6734ea]
V  [jvm.dll+0x7d18f4]
V  [jvm.dll+0x7d309e]
V  [jvm.dll+0x7d3703]
V  [jvm.dll+0x2433c5]
V  [jvm.dll+0x6703f9]
V  [jvm.dll+0x664d32]
V  [jvm.dll+0x300086]
V  [jvm.dll+0x307606]
V  [jvm.dll+0x356c1e]
V  [jvm.dll+0x356e4f]
V  [jvm.dll+0x2d72e8]
V  [jvm.dll+0x2d8254]
V  [jvm.dll+0x7a33b1]
V  [jvm.dll+0x3647f1]
V  [jvm.dll+0x782839]
V  [jvm.dll+0x3e757f]
V  [jvm.dll+0x3e9001]
C  [jli.dll+0x5297]
C  [ucrtbase.dll+0x21bb2]
C  [KERNEL32.DLL+0x17344]
C  [ntdll.dll+0x526b1]


---------------  P R O C E S S  ---------------

Threads class SMR info:
_java_thread_list=0x00007ff828bce958, length=0, elements={
}

Java Threads: ( => current thread )

Other Threads:
  0x0000019e20ebd2f0 GCTaskThread "GC Thread#0" [stack: 0x0000003cd8900000,0x0000003cd8a00000] [id=16548]
  0x0000019e20eca540 ConcurrentGCThread "G1 Main Marker" [stack: 0x0000003cd8a00000,0x0000003cd8b00000] [id=3244]
  0x0000019e20ecaf50 ConcurrentGCThread "G1 Conc#0" [stack: 0x0000003cd8b00000,0x0000003cd8c00000] [id=14236]

[error occurred during error reporting (printing all threads), id 0xc0000005, EXCEPTION_ACCESS_VIOLATION (0xc0000005) at pc=0x00007ff828407f07]

VM state: not at safepoint (not fully initialized)

VM Mutex/Monitor currently owned by a thread:  ([mutex/lock_event])
[0x0000019e20e31240] Heap_lock - owner thread: 0x0000019e20e360b0

Heap address: 0x000000068a000000, size: 5984 MB, Compressed Oops mode: Zero based, Oop shift amount: 3

CDS archive(s) mapped at: [0x0000000000000000-0x0000000000000000-0x0000000000000000), size 0, SharedBaseAddress: 0x0000000800000000, ArchiveRelocationMode: 0.
Narrow klass base: 0x0000000000000000, Narrow klass shift: 0, Narrow klass range: 0x0

GC Precious Log:
<Empty>

Heap:
 garbage-first heap   total 0K, used 0K [0x000000068a000000, 0x0000000800000000)
  region size 4096K, 0 young (0K), 0 survivors (0K)

[error occurred during error reporting (printing heap information), id 0xc0000005, EXCEPTION_ACCESS_VIOLATION (0xc0000005) at pc=0x00007ff8287ec759]

GC Heap History (0 events):
No events

Deoptimization events (0 events):
No events

Classes unloaded (0 events):
No events

Classes redefined (0 events):
No events

Internal exceptions (0 events):
No events

VM Operations (0 events):
No events

Events (1 events):
Event: 0.008 Loaded shared library C:\Program Files\Java\jdk-17\bin\java.dll


Dynamic libraries:
0x00007ff721260000 - 0x00007ff721270000 	C:\Program Files\Java\jdk-17\bin\java.exe
0x00007ff8b0430000 - 0x00007ff8b0628000 	C:\WINDOWS\SYSTEM32\ntdll.dll
0x00007ff8af900000 - 0x00007ff8af9bd000 	C:\WINDOWS\System32\KERNEL32.DLL
0x00007ff8adfd0000 - 0x00007ff8ae2c6000 	C:\WINDOWS\System32\KERNELBASE.dll
0x00007ff8adc60000 - 0x00007ff8add60000 	C:\WINDOWS\System32\ucrtbase.dll
0x00007ff859ff0000 - 0x00007ff85a00b000 	C:\Program Files\Java\jdk-17\bin\VCRUNTIME140.dll
0x00007ff83f3c0000 - 0x00007ff83f3d8000 	C:\Program Files\Java\jdk-17\bin\jli.dll
0x00007ff8ae490000 - 0x00007ff8ae53e000 	C:\WINDOWS\System32\ADVAPI32.dll
0x00007ff8afeb0000 - 0x00007ff8aff4e000 	C:\WINDOWS\System32\msvcrt.dll
0x00007ff8afcd0000 - 0x00007ff8afd6c000 	C:\WINDOWS\System32\sechost.dll
0x00007ff8ae540000 - 0x00007ff8ae666000 	C:\WINDOWS\System32\RPCRT4.dll
0x00007ff8b0220000 - 0x00007ff8b03be000 	C:\WINDOWS\System32\USER32.dll
0x00007ff8adb10000 - 0x00007ff8adb32000 	C:\WINDOWS\System32\win32u.dll
0x00007ff89b1b0000 - 0x00007ff89b44a000 	C:\WINDOWS\WinSxS\amd64_microsoft.windows.common-controls_6595b64144ccf1df_6.0.19041.1110_none_60b5254171f9507e\COMCTL32.dll
0x00007ff8aef10000 - 0x00007ff8aef3c000 	C:\WINDOWS\System32\GDI32.dll
0x00007ff8adb40000 - 0x00007ff8adc5a000 	C:\WINDOWS\System32\gdi32full.dll
0x00007ff8ae2d0000 - 0x00007ff8ae36d000 	C:\WINDOWS\System32\msvcp_win.dll
0x00007ff8a5240000 - 0x00007ff8a524a000 	C:\WINDOWS\SYSTEM32\VERSION.dll
0x00007ff8b03c0000 - 0x00007ff8b03f0000 	C:\WINDOWS\System32\IMM32.DLL
0x00007ff86da90000 - 0x00007ff86da9c000 	C:\Program Files\Java\jdk-17\bin\vcruntime140_1.dll
0x00007ff8369f0000 - 0x00007ff836a7e000 	C:\Program Files\Java\jdk-17\bin\msvcp140.dll
0x00007ff828120000 - 0x00007ff828cf7000 	C:\Program Files\Java\jdk-17\bin\server\jvm.dll
0x00007ff8b0120000 - 0x00007ff8b0128000 	C:\WINDOWS\System32\PSAPI.DLL
0x00007ff8a4490000 - 0x00007ff8a44b7000 	C:\WINDOWS\SYSTEM32\WINMM.dll
0x00007ff896020000 - 0x00007ff896029000 	C:\WINDOWS\SYSTEM32\WSOCK32.dll
0x00007ff8af9c0000 - 0x00007ff8afa2b000 	C:\WINDOWS\System32\WS2_32.dll
0x00007ff8ab960000 - 0x00007ff8ab972000 	C:\WINDOWS\SYSTEM32\kernel.appcore.dll
0x00007ff86d890000 - 0x00007ff86d89a000 	C:\Program Files\Java\jdk-17\bin\jimage.dll
0x00007ff897dd0000 - 0x00007ff897fb4000 	C:\WINDOWS\SYSTEM32\DBGHELP.DLL
0x00007ff897c60000 - 0x00007ff897c94000 	C:\WINDOWS\SYSTEM32\dbgcore.DLL
0x00007ff8addb0000 - 0x00007ff8ade32000 	C:\WINDOWS\System32\bcryptPrimitives.dll
0x00007ff8a7a40000 - 0x00007ff8a7a4e000 	C:\Program Files\Java\jdk-17\bin\instrument.dll
0x00007ff83c100000 - 0x00007ff83c125000 	C:\Program Files\Java\jdk-17\bin\java.dll

dbghelp: loaded successfully - version: 4.0.5 - missing functions: none
symbol engine: initialized successfully - sym options: 0x614 - pdb path: .;C:\Program Files\Java\jdk-17\bin;C:\WINDOWS\SYSTEM32;C:\WINDOWS\WinSxS\amd64_microsoft.windows.common-controls_6595b64144ccf1df_6.0.19041.1110_none_60b5254171f9507e;C:\Program Files\Java\jdk-17\bin\server

VM Arguments:
jvm_args: -XX:TieredStopAtLevel=1 -Dspring.output.ansi.enabled=always -Dcom.sun.management.jmxremote -Dspring.jmx.enabled=true -Dspring.liveBeansView.mbeanDomain -Dspring.application.admin.enabled=true -Dmanagement.endpoints.jmx.exposure.include=* -javaagent:C:\Program Files\JetBrains\IntelliJ IDEA 2023.1\lib\idea_rt.jar=50808:C:\Program Files\JetBrains\IntelliJ IDEA 2023.1\bin -Dfile.encoding=UTF-8 
java_command: com.example.springsecurity.SpringSecurityApplication
java_class_path (initial): C:\Users\Mohamed\Desktop\Malek\learning\springSecurity\target\classes;C:\Users\Mohamed\.m2\repository\org\springframework\boot\spring-boot-starter-data-jpa\3.0.9\spring-boot-starter-data-jpa-3.0.9.jar;C:\Users\Mohamed\.m2\repository\org\springframework\boot\spring-boot-starter-aop\3.0.9\spring-boot-starter-aop-3.0.9.jar;C:\Users\Mohamed\.m2\repository\org\aspectj\aspectjweaver\1.9.19\aspectjweaver-1.9.19.jar;C:\Users\Mohamed\.m2\repository\org\springframework\boot\spring-boot-starter-jdbc\3.0.9\spring-boot-starter-jdbc-3.0.9.jar;C:\Users\Mohamed\.m2\repository\com\zaxxer\HikariCP\5.0.1\HikariCP-5.0.1.jar;C:\Users\Mohamed\.m2\repository\org\springframework\spring-jdbc\6.0.11\spring-jdbc-6.0.11.jar;C:\Users\Mohamed\.m2\repository\org\hibernate\orm\hibernate-core\6.1.7.Final\hibernate-core-6.1.7.Final.jar;C:\Users\Mohamed\.m2\repository\jakarta\persistence\jakarta.persistence-api\3.1.0\jakarta.persistence-api-3.1.0.jar;C:\Users\Mohamed\.m2\repository\jakarta\transaction\jakarta.transaction-api\2.0.1\jakarta.transaction-api-2.0.1.jar;C:\Users\Mohamed\.m2\repository\org\jboss\logging\jboss-logging\3.5.3.Final\jboss-logging-3.5.3.Final.jar;C:\Users\Mohamed\.m2\repository\org\hibernate\common\hibernate-commons-annotations\6.0.6.Final\hibernate-commons-annotations-6.0.6.Final.jar;C:\Users\Mohamed\.m2\repository\org\jboss\jandex\2.4.2.Final\jandex-2.4.2.Final.jar;C:\Users\Mohamed\.m2\repository\com\fasterxml\classmate\1.5.1\classmate-1.5.1.jar;C:\Users\Mohamed\.m2\repository\net\bytebuddy\byte-buddy\1.12.23\byte-buddy-1.12.23.jar;C:\Users\Mohamed\.m2\repository\org\glassfish\jaxb\jaxb-runtime\4.0.3\jaxb-runtime-4.0.3.jar;C:\Users\Mohamed\.m2\repository\org\glassfish\jaxb\jaxb-core\4.0.3\jaxb-core-4.0.3.jar;C:\Users\Mohamed\.m2\repository\org\glassfish\jaxb\txw2\4.0.3\txw2-4.0.3.jar;C:\Users\Mohamed\.m2\repository\com\sun\istack\istack-commons-runtime\4.1.2\istack-commons-runtime-4.1.2.jar;C:\Users\Mohamed\.m2\repository\jakarta\inject\jakarta.inj
Launcher Type: SUN_STANDARD

[Global flags]
     intx CICompilerCount                          = 4                                         {product} {ergonomic}
     uint ConcGCThreads                            = 3                                         {product} {ergonomic}
     uint G1ConcRefinementThreads                  = 10                                        {product} {ergonomic}
   size_t G1HeapRegionSize                         = 4194304                                   {product} {ergonomic}
    uintx GCDrainStackTargetSize                   = 64                                        {product} {ergonomic}
   size_t InitialHeapSize                          = 394264576                                 {product} {ergonomic}
     bool ManagementServer                         = true                                      {product} {command line}
   size_t MarkStackSize                            = 4194304                                   {product} {ergonomic}
   size_t MaxHeapSize                              = 6274678784                                {product} {ergonomic}
   size_t MinHeapDeltaBytes                        = 4194304                                   {product} {ergonomic}
   size_t MinHeapSize                              = 8388608                                   {product} {ergonomic}
    uintx NonProfiledCodeHeapSize                  = 0                                      {pd product} {ergonomic}
     bool ProfileInterpreter                       = false                                  {pd product} {command line}
    uintx ProfiledCodeHeapSize                     = 0                                      {pd product} {ergonomic}
   size_t SoftMaxHeapSize                          = 6274678784                             {manageable} {ergonomic}
     intx TieredStopAtLevel                        = 1                                         {product} {command line}
     bool UseCompressedClassPointers               = true                           {product lp64_product} {ergonomic}
     bool UseCompressedOops                        = true                           {product lp64_product} {ergonomic}
     bool UseG1GC                                  = true                                      {product} {ergonomic}
     bool UseLargePagesIndividualAllocation        = false                                  {pd product} {ergonomic}

Logging:
Log output configuration:
 #0: stdout all=warning uptime,level,tags
 #1: stderr all=off uptime,level,tags

Environment Variables:
PATH=C:\Program Files\Common Files\Oracle\Java\javapath;C:\app\Mohamed\product\21c\dbhomeXE\bin;C:\Program Files (x86)\Common Files\Oracle\Java\javapath;C:\WINDOWS\system32;C:\WINDOWS;C:\WINDOWS\System32\Wbem;C:\WINDOWS\System32\WindowsPowerShell\v1.0\;C:\WINDOWS\System32\OpenSSH\;C:\Program Files\Java\jdk1.8.0_301\bin;C:\Program Files\dotnet\;C:\Program Files\Microsoft SQL Server\130\Tools\Binn\;C:\Program Files\Microsoft SQL Server\Client SDK\ODBC\170\Tools\Binn\;C:\Program Files\Git\cmd;C:\Program Files\nodejs\;C:\ProgramData\chocolatey\bin;C:\Program Files (x86)\Microsoft SQL Server\150\Tools\Binn\;C:\Program Files\Microsoft SQL Server\150\Tools\Binn\;C:\Program Files\Microsoft SQL Server\150\DTS\Binn\;C:\Program Files (x86)\Microsoft SQL Server\150\DTS\Binn\;C:\Program Files\Azure Data Studio\bin;C:\Program Files (x86)\Microsoft SQL Server\110\DTS\Binn\;C:\Program Files (x86)\Microsoft SQL Server\120\DTS\Binn\;C:\Program Files (x86)\Microsoft SQL Server\130\DTS\Binn\;C:\Program Files (x86)\Microsoft SQL Server\140\DTS\Binn\;C:\apache-maven-3.8.6\bin;C:\HashiCorp\Vagrant\bin;C:\Program Files\Docker\Docker\resources\bin;C:\Program Files (x86)\dotnet\;C:\Users\Mohamed\AppData\Local\Programs\Python\Python310\Scripts\;C:\Users\Mohamed\AppData\Local\Programs\Python\Python310\;C:\Users\Mohamed\AppData\Local\Microsoft\WindowsApps;C:\Users\Mohamed\AppData\Local\Programs\Microsoft VS Code\bin;C:\Users\Mohamed\.dotnet\tools;C:\Program Files\MongoDB\Server\4.0\bin;C:\Users\Mohamed\AppData\Local\GitHubDesktop\bin;C:\Users\Mohamed\AppData\Roaming\npm;C:\Program Files\Azure Data Studio\bin
USERNAME=Mohamed
OS=Windows_NT
PROCESSOR_IDENTIFIER=AMD64 Family 23 Model 96 Stepping 1, AuthenticAMD



---------------  S Y S T E M  ---------------

OS:
 Windows 10 , 64 bit Build 19041 (10.0.19041.3393)
OS uptime: 1 days 7:50 hours
Hyper-V role detected

CPU: total 12 (initial active 12) (12 cores per cpu, 2 threads per core) family 23 model 96 stepping 1 microcode 0x0, cx8, cmov, fxsr, ht, mmx, 3dnowpref, sse, sse2, sse3, ssse3, sse4a, sse4.1, sse4.2, popcnt, lzcnt, tsc, tscinvbit, avx, avx2, aes, clmul, bmi1, bmi2, adx, sha, fma, vzeroupper, clflush, clflushopt, hv

Memory: 4k page, system-wide physical 23933M (2904M free)
TotalPageFile size 35752M (AvailPageFile size 375M)
current process WorkingSet (physical memory assigned to process): 10M, peak: 10M
current process commit charge ("private bytes"): 59M, peak: 435M

vm_info: Java HotSpot(TM) 64-Bit Server VM (17.0.6+9-LTS-190) for windows-amd64 JRE (17.0.6+9-LTS-190), built on Dec  6 2022 15:53:54 by "mach5one" with MS VC++ 17.1 (VS2022)

END.
